<?xml version="1.0" encoding="UTF-8"?>
<!-- Generated by org.testng.reporters.JUnitXMLReporter -->
<testsuite hostname="LAPTOP-V33PDEJ2" ignored="0" name="Surefire test" tests="2" failures="2" timestamp="18 Dec 2021 17:14:25 GMT" time="0.595" errors="0">
  <testcase name="verifyErrorMessageWithInvalidCredentials" time="0.002" classname="com.nopcommerce.demo.testsuite.LoginPageTest">
    <failure type="java.lang.NullPointerException">
      <![CDATA[java.lang.NullPointerException
at org.openqa.selenium.support.pagefactory.DefaultElementLocator.findElement(DefaultElementLocator.java:70)
at org.openqa.selenium.support.pagefactory.internal.LocatingElementHandler.invoke(LocatingElementHandler.java:39)
at com.sun.proxy.$Proxy10.click(Unknown Source)
at com.nopcommerce.demo.utility.Utility.clickOnElement(Utility.java:53)
at com.nopcommerce.demo.pages.HomePage.clickOnLoginLink(HomePage.java:37)
at com.nopcommerce.demo.testsuite.LoginPageTest.verifyErrorMessageWithInvalidCredentials(LoginPageTest.java:34)
... Removed 30 stack frames]]>
    </failure>
  </testcase> <!-- verifyErrorMessageWithInvalidCredentials -->
  <testcase name="verifyUserShouldNavigateToLoginPage" time="0.0" classname="com.nopcommerce.demo.testsuite.LoginPageTest">
    <failure type="java.lang.NullPointerException">
      <![CDATA[java.lang.NullPointerException
at org.openqa.selenium.support.pagefactory.DefaultElementLocator.findElement(DefaultElementLocator.java:70)
at org.openqa.selenium.support.pagefactory.internal.LocatingElementHandler.invoke(LocatingElementHandler.java:39)
at com.sun.proxy.$Proxy10.click(Unknown Source)
at com.nopcommerce.demo.utility.Utility.clickOnElement(Utility.java:53)
at com.nopcommerce.demo.pages.HomePage.clickOnLoginLink(HomePage.java:37)
at com.nopcommerce.demo.testsuite.LoginPageTest.verifyUserShouldNavigateToLoginPage(LoginPageTest.java:26)
... Removed 30 stack frames]]>
    </failure>
  </testcase> <!-- verifyUserShouldNavigateToLoginPage -->
</testsuite> <!-- Surefire test -->
